2023-01-06 09:21:14,963 | INFO | CLIENT:1 created.
2023-01-06 09:21:36,421 | INFO | CLIENT:2 created.
2023-01-06 09:21:52,779 | INFO | CLIENT:3 created.
2023-01-06 09:22:14,538 | INFO | CLIENT:4 created.
2023-01-06 09:24:45,105 | INFO | DISTRIBUTION:1 created. Start over 1 sec.
2023-01-06 09:24:46,686 | INFO | MESSAGE:1 DISTRIBUTION:1 CLIENT:4 delivered successfully.
2023-01-06 09:24:46,688 | INFO | MESSAGE:2 DISTRIBUTION:1 CLIENT:1 delivered successfully.
2023-01-06 09:24:46,688 | INFO | MESSAGE:3 DISTRIBUTION:1 CLIENT:2 delivered successfully.
2023-01-06 09:25:18,007 | INFO | DISTRIBUTION:2 created. Start over 71 sec.
2023-01-06 09:26:29,297 | WARNING | MESSAGE:4 DISTRIBUTION:2 CLIENT:1 expired.
2023-01-06 09:26:29,316 | WARNING | MESSAGE:5 DISTRIBUTION:2 CLIENT:2 expired.
2023-01-06 09:26:29,332 | WARNING | MESSAGE:6 DISTRIBUTION:2 CLIENT:4 expired.
2023-01-06 09:28:23,245 | INFO | CLIENT:5 created.
2023-01-06 09:29:15,528 | INFO | CLIENT:5 updated.
2023-01-06 09:29:31,418 | INFO | CLIENT:5 deleted.
2023-01-06 09:30:36,269 | INFO | DISTRIBUTION:3 created. Start over 40 sec.
2023-01-06 09:31:16,349 | WARNING | MESSAGE:7 DISTRIBUTION:3 CLIENT:3 expired.
2023-01-06 09:34:10,552 | INFO | DISTRIBUTION:4 created. Start over 42 sec.
2023-01-06 09:34:53,247 | INFO | MESSAGE:10 DISTRIBUTION:4 CLIENT:1 delivered successfully.
2023-01-06 09:34:53,252 | INFO | MESSAGE:8 DISTRIBUTION:4 CLIENT:4 delivered successfully.
2023-01-06 09:34:53,252 | INFO | MESSAGE:9 DISTRIBUTION:4 CLIENT:2 delivered successfully.
